-------------------------------------------------------------------------------
Test set: com.cucumber.CucumberTest
-------------------------------------------------------------------------------
Tests run: 2, Failures: 0, Errors: 2, Skipped: 0, Time elapsed: 2.691 s <<< FAILURE! - in com.cucumber.CucumberTest
Cliente se registra con exito  Time elapsed: 2.667 s  <<< ERROR!
java.lang.IllegalStateException: Failed to load ApplicationContext
Caused by: org.springframework.beans.factory.BeanCreationException: Error creating bean with name 'waitFor' defined in class path resource [com/cucumber/config/DriverConfig.class]: Bean instantiation via factory method failed; nested exception is org.springframework.beans.BeanInstantiationException: Failed to instantiate [org.openqa.selenium.support.ui.WebDriverWait]: Factory method 'waitFor' threw exception; nested exception is java.lang.IllegalStateException: No Scope registered for scope name 'cucumber-glue'
Caused by: org.springframework.beans.BeanInstantiationException: Failed to instantiate [org.openqa.selenium.support.ui.WebDriverWait]: Factory method 'waitFor' threw exception; nested exception is java.lang.IllegalStateException: No Scope registered for scope name 'cucumber-glue'
Caused by: java.lang.IllegalStateException: No Scope registered for scope name 'cucumber-glue'

com.cucumber.CucumberTest  Time elapsed: 2.668 s  <<< ERROR!
org.junit.runner.notification.StoppedByUserException

