<?xml version="1.0" encoding="UTF-8" ?>
<testsuite tests="2" failures="1" name="com.cucumber.CucumberTest" time="31.993" errors="0" skipped="0">
  <properties>
[...]
</properties>
  <testcase classname="Registro de un cliente" name="Cliente se registra con exito" time="19.917"/>
  <testcase classname="Registro de un cliente" name="Cliente tiene error en el login" time="12.076">
    <failure message="expected:&lt;[fals]e&gt; but was:&lt;[tru]e&gt;" type="org.junit.ComparisonFailure">org.junit.ComparisonFailure: expected:&lt;[fals]e&gt; but was:&lt;[tru]e&gt;
	at sun.reflect.NativeConstructorAccessorImpl.newInstance0(Native Method)
	at sun.reflect.NativeConstructorAccessorImpl.newInstance(NativeConstructorAccessorImpl.java:62)
	at sun.reflect.DelegatingConstructorAccessorImpl.newInstance(DelegatingConstructorAccessorImpl.java:45)
	at com.cucumber.step.SignUpStep.el_deberia_ver_que_el_registro_ha_fallado(SignUpStep.java:47)
	at ✽.El deberia ver que el registro ha fallado(file:///home/imuerte/projects/auri/test-cucumber/src/test/resources/features/signup.feature:11)
</failure>
    <system-out>
Scenario: Cliente tiene error en el login              &amp;#27;[90m# src/test/resources/features/signup.feature:8&amp;#27;[0m
  &amp;#27;[32mGiven &amp;#27;[0m&amp;#27;[32mMiku quiere crear una cuenta&amp;#27;[0m                   &amp;#27;[90m# com.cucumber.step.SignUpStep.miku_quiere_crear_una_cuenta()&amp;#27;[0m
  &amp;#27;[32mWhen &amp;#27;[0m&amp;#27;[32mEl envia la información requerida por la cuenta&amp;#27;[0m &amp;#27;[90m# com.cucumber.step.SignUpStep.el_envia_la_información_requerida_por_la_cuenta()&amp;#27;[0m
  &amp;#27;[31mThen &amp;#27;[0m&amp;#27;[31mEl deberia ver que el registro ha fallado&amp;#27;[0m       &amp;#27;[90m# com.cucumber.step.SignUpStep.el_deberia_ver_que_el_registro_ha_fallado()&amp;#27;[0m
      &amp;#27;[31morg.junit.ComparisonFailure: expected:&lt;[fals]e&gt; but was:&lt;[tru]e&gt;
	at sun.reflect.NativeConstructorAccessorImpl.newInstance0(Native Method)
	at sun.reflect.NativeConstructorAccessorImpl.newInstance(NativeConstructorAccessorImpl.java:62)
	at sun.reflect.DelegatingConstructorAccessorImpl.newInstance(DelegatingConstructorAccessorImpl.java:45)
	at com.cucumber.step.SignUpStep.el_deberia_ver_que_el_registro_ha_fallado(SignUpStep.java:47)
	at ✽.El deberia ver que el registro ha fallado(file:///home/imuerte/projects/auri/test-cucumber/src/test/resources/features/signup.feature:11)
&amp;#27;[0m

    Embedding 4d39536d-a2ae-4e52-8976-15e946bbcd4c [image/png 239047 bytes]

</system-out>
    <system-err>sep 19, 2021 7:51:35 PM org.springframework.test.context.support.DefaultTestContextBootstrapper getDefaultTestExecutionListenerClassNames
INFORMACIÓN: Loaded default TestExecutionListener class names from location [META-INF/spring.factories]: [org.springframework.test.context.web.ServletTestExecutionListener, org.springframework.test.context.support.DirtiesContextBeforeModesTestExecutionListener, org.springframework.test.context.support.DependencyInjectionTestExecutionListener, org.springframework.test.context.support.DirtiesContextTestExecutionListener, org.springframework.test.context.transaction.TransactionalTestExecutionListener, org.springframework.test.context.jdbc.SqlScriptsTestExecutionListener]
sep 19, 2021 7:51:35 PM org.springframework.test.context.support.DefaultTestContextBootstrapper getTestExecutionListeners
INFORMACIÓN: Using TestExecutionListeners: [org.springframework.test.context.support.DirtiesContextBeforeModesTestExecutionListener@37857756, org.springframework.test.context.support.DependencyInjectionTestExecutionListener@5eb13372, org.springframework.test.context.support.DirtiesContextTestExecutionListener@86b803eb]
sep 19, 2021 7:51:35 PM org.springframework.beans.factory.support.DefaultListableBeanFactory registerScope
INFORMACIÓN: Replacing scope &apos;cucumber-glue&apos; from [io.cucumber.spring.GlueCodeScope@180efab0] to [io.cucumber.spring.GlueCodeScope@1b2bff71]
</system-err>
  </testcase>
</testsuite>